<?xml version="1.0" encoding="UTF-8"?>
<!-- Generated by org.testng.reporters.JUnitReportReporter -->
<testsuite hostname="Reshma" failures="0" tests="2" name="testscript.LoginTest" time="20.839" errors="0" timestamp="2025-03-05T19:14:43 IST" skipped="0">
  <testcase classname="testscript.LoginTest" name="verifyUserLoginWithValidUsernameAndValidPassword" time="13.529"/>
  <testcase classname="testscript.LoginTest" name="verifyUserLoginWithValidUsernameAndValidPassword" time="7.310"/>
</testsuite> <!-- testscript.LoginTest -->
