<?xml version="1.0" encoding="UTF-8"?>
<!-- Generated by org.testng.reporters.JUnitReportReporter -->
<testsuite hostname="Reshma" failures="0" tests="1" name="testscript.AdminUserTest" time="10.644" errors="0" timestamp="2025-03-06T18:41:32 IST" skipped="0">
  <testcase classname="testscript.AdminUserTest" name="VerifyUserCanAddNewAdminUser" time="10.644"/>
</testsuite> <!-- testscript.AdminUserTest -->
