<?xml version="1.0" encoding="UTF-8"?>
<!-- Generated by org.testng.reporters.JUnitReportReporter -->
<testsuite hostname="Reshma" failures="0" tests="1" name="testscript.HomeTest" time="7.595" errors="0" timestamp="2025-03-04T10:58:40 IST" skipped="0">
  <testcase classname="testscript.HomeTest" name="verifyUserAbleToLogout" time="7.595"/>
</testsuite> <!-- testscript.HomeTest -->
