<?xml version="1.0" encoding="UTF-8"?>
<!-- Generated by org.testng.reporters.JUnitReportReporter -->
<testsuite hostname="Reshma" failures="0" tests="9" name="testscript.SubcategoryTest" time="63.334" errors="0" timestamp="2025-02-27T20:13:45 IST" skipped="0">
  <testcase classname="testscript.SubcategoryTest" name="verifyUserIsAbleToAddSubcategory" time="9.205"/>
  <testcase classname="testscript.SubcategoryTest" name="verifyUserIsAbleToAddSubcategory" time="7.084"/>
  <testcase classname="testscript.SubcategoryTest" name="verifyUserIsAbleToAddSubcategory" time="6.857"/>
  <testcase classname="testscript.SubcategoryTest" name="verifyUserAbleToSearchSubcategory" time="5.268"/>
  <testcase classname="testscript.SubcategoryTest" name="verifyUserAbleToSearchSubcategory" time="6.267"/>
  <testcase classname="testscript.SubcategoryTest" name="verifyUserAbleToSearchSubcategory" time="8.139"/>
  <testcase classname="testscript.SubcategoryTest" name="verifyRestButtonFunctionality" time="8.167"/>
  <testcase classname="testscript.SubcategoryTest" name="verifyRestButtonFunctionality" time="5.682"/>
  <testcase classname="testscript.SubcategoryTest" name="verifyRestButtonFunctionality" time="6.665"/>
</testsuite> <!-- testscript.SubcategoryTest -->
